//----2008-05-14 13:43:39-------------------------------------------------------
Update Server:
All of the files installed on your computer are currently up-to-date.
//------------------------------------------------------------------------------

//----2008-05-14 15:38:54-------------------------------------------------------
Update Server:
All of the files installed on your computer are currently up-to-date.
//------------------------------------------------------------------------------

//----2008-05-16 13:20:57-------------------------------------------------------
Update Server:http://www.pimone.net/update/diaryone/
D:\DiaryOne\diaryonereg.exe        Updated Successfully
//------------------------------------------------------------------------------

//----2008-05-23 10:10:04-------------------------------------------------------
Update Server:
All of the files installed on your computer are currently up-to-date.
//------------------------------------------------------------------------------

//----2008-05-23 13:54:24-------------------------------------------------------
Update Server:
All of the files installed on your computer are currently up-to-date.
//------------------------------------------------------------------------------

//----2008-06-03 10:00:42-------------------------------------------------------
Update Server:
All of the files installed on your computer are currently up-to-date.
//------------------------------------------------------------------------------

//----2008-06-11 12:18:09-------------------------------------------------------
Update Server:
All of the files installed on your computer are currently up-to-date.
//------------------------------------------------------------------------------

//----2008-06-23 09:27:07-------------------------------------------------------
Update Server:
All of the files installed on your computer are currently up-to-date.
//------------------------------------------------------------------------------

//----2008-07-10 14:34:55-------------------------------------------------------
Update Server:
All of the files installed on your computer are currently up-to-date.
//------------------------------------------------------------------------------

//----2008-08-06 15:20:55-------------------------------------------------------
Update Server:
All of the files installed on your computer are currently up-to-date.
//------------------------------------------------------------------------------

//----2008-08-25 15:44:57-------------------------------------------------------
Update Server:
All of the files installed on your computer are currently up-to-date.
//------------------------------------------------------------------------------

//----2008-08-27 10:17:30-------------------------------------------------------
Update Server:
All of the files installed on your computer are currently up-to-date.
//------------------------------------------------------------------------------

//----2008-09-11 10:54:49-------------------------------------------------------
Update Server:http://www.pimone.net/update/diaryone/
D:\DiaryOne\diaryone.exe        Reboot required
//------------------------------------------------------------------------------

//----2008-09-25 16:38:21-------------------------------------------------------
Update Server:
All of the files installed on your computer are currently up-to-date.
//------------------------------------------------------------------------------
